04/26/2022 06:59:11 PM /Users/justinarnold/Desktop/Activities/movie2/mysite/movie_info/urls.py changed, reloading.
04/26/2022 06:59:11 PM Using selector: KqueueSelector
04/26/2022 07:18:03 PM /Users/justinarnold/Desktop/Activities/movie2/mysite/movie_info/views.py changed, reloading.
04/26/2022 07:18:03 PM Using selector: KqueueSelector
04/26/2022 07:21:16 PM /Users/justinarnold/Desktop/Activities/movie2/mysite/movie_info/views.py changed, reloading.
04/26/2022 07:21:16 PM Using selector: KqueueSelector
04/26/2022 07:23:46 PM /Users/justinarnold/Desktop/Activities/movie2/mysite/movie_info/views.py changed, reloading.
04/26/2022 07:23:46 PM Using selector: KqueueSelector
04/26/2022 07:24:00 PM /Users/justinarnold/Desktop/Activities/movie2/mysite/movie_info/views.py changed, reloading.
04/26/2022 07:24:00 PM Using selector: KqueueSelector
04/26/2022 07:25:28 PM /Users/justinarnold/Desktop/Activities/movie2/mysite/movie_info/views.py changed, reloading.
04/26/2022 07:25:28 PM Using selector: KqueueSelector
04/26/2022 07:25:34 PM Internal Server Error: /app/
Traceback (most recent call last):
  File "/Library/Frameworks/Python.framework/Versions/3.9/lib/python3.9/site-packages/django/core/handlers/exception.py", line 47, in inner
    response = get_response(request)
  File "/Library/Frameworks/Python.framework/Versions/3.9/lib/python3.9/site-packages/django/core/handlers/base.py", line 181, in _get_response
    response = wrapped_callback(request, *callback_args, **callback_kwargs)
  File "/Users/justinarnold/Desktop/Activities/movie2/mysite/movie_info/views.py", line 76, in api_movie
    return render('templates/movie_info/index.html')
TypeError: render() missing 1 required positional argument: 'template_name'
04/26/2022 07:29:25 PM Using selector: KqueueSelector
04/26/2022 07:32:16 PM Internal Server Error: /app/
Traceback (most recent call last):
  File "/Library/Frameworks/Python.framework/Versions/3.9/lib/python3.9/site-packages/django/core/handlers/exception.py", line 47, in inner
    response = get_response(request)
  File "/Library/Frameworks/Python.framework/Versions/3.9/lib/python3.9/site-packages/django/core/handlers/base.py", line 181, in _get_response
    response = wrapped_callback(request, *callback_args, **callback_kwargs)
  File "/Users/justinarnold/Desktop/Activities/movie2/mysite/movie_info/views.py", line 76, in api_movie
    return render('templates/movie_info/index.html',request)
  File "/Library/Frameworks/Python.framework/Versions/3.9/lib/python3.9/site-packages/django/shortcuts.py", line 19, in render
    content = loader.render_to_string(template_name, context, request, using=using)
  File "/Library/Frameworks/Python.framework/Versions/3.9/lib/python3.9/site-packages/django/template/loader.py", line 61, in render_to_string
    template = get_template(template_name, using=using)
  File "/Library/Frameworks/Python.framework/Versions/3.9/lib/python3.9/site-packages/django/template/loader.py", line 15, in get_template
    return engine.get_template(template_name)
  File "/Library/Frameworks/Python.framework/Versions/3.9/lib/python3.9/site-packages/django/template/backends/django.py", line 34, in get_template
    return Template(self.engine.get_template(template_name), self)
  File "/Library/Frameworks/Python.framework/Versions/3.9/lib/python3.9/site-packages/django/template/engine.py", line 143, in get_template
    template, origin = self.find_template(template_name)
  File "/Library/Frameworks/Python.framework/Versions/3.9/lib/python3.9/site-packages/django/template/engine.py", line 125, in find_template
    template = loader.get_template(name, skip=skip)
  File "/Library/Frameworks/Python.framework/Versions/3.9/lib/python3.9/site-packages/django/template/loaders/base.py", line 18, in get_template
    for origin in self.get_template_sources(template_name):
  File "/Library/Frameworks/Python.framework/Versions/3.9/lib/python3.9/site-packages/django/template/loaders/filesystem.py", line 36, in get_template_sources
    name = safe_join(template_dir, template_name)
  File "/Library/Frameworks/Python.framework/Versions/3.9/lib/python3.9/site-packages/django/utils/_os.py", line 17, in safe_join
    final_path = abspath(join(base, *paths))
  File "/Library/Frameworks/Python.framework/Versions/3.9/lib/python3.9/posixpath.py", line 90, in join
    genericpath._check_arg_types('join', a, *p)
  File "/Library/Frameworks/Python.framework/Versions/3.9/lib/python3.9/genericpath.py", line 152, in _check_arg_types
    raise TypeError(f'{funcname}() argument must be str, bytes, or '
TypeError: join() argument must be str, bytes, or os.PathLike object, not 'WSGIRequest'
04/26/2022 07:34:57 PM Using selector: KqueueSelector
04/27/2022 12:02:49 PM Using selector: KqueueSelector
04/27/2022 12:03:13 PM Using selector: KqueueSelector
04/27/2022 12:03:37 PM Not Found: /
04/27/2022 12:03:53 PM Not Found: /movie_info
04/27/2022 12:04:02 PM Internal Server Error: /app/
Traceback (most recent call last):
  File "/Library/Frameworks/Python.framework/Versions/3.9/lib/python3.9/site-packages/django/core/handlers/exception.py", line 47, in inner
    response = get_response(request)
  File "/Library/Frameworks/Python.framework/Versions/3.9/lib/python3.9/site-packages/django/core/handlers/base.py", line 181, in _get_response
    response = wrapped_callback(request, *callback_args, **callback_kwargs)
  File "/Users/justinarnold/Desktop/Activities/movie2/mysite/movie_info/views.py", line 76, in api_movie
    return render('templates/movie_info/index.html')
TypeError: render() missing 1 required positional argument: 'template_name'
04/27/2022 01:25:06 PM /Users/justinarnold/Desktop/Activities/movie2/mysite/movie_info/views.py changed, reloading.
04/27/2022 01:25:06 PM Using selector: KqueueSelector
